<?xml version="1.0" encoding="UTF-8"?>
<!-- Generated by org.testng.reporters.JUnitReportReporter -->
<testsuite hostname="DESKTOP-3M09JOB" failures="0" tests="3" name="TestNG.WebElementCommandsTestNG" time="38.976" errors="0" timestamp="2023-06-05T19:59:46 IST" skipped="0">
  <testcase classname="TestNG.WebElementCommandsTestNG" name="f" time="27.029"/>
  <system-out/>
  <testcase classname="TestNG.WebElementCommandsTestNG" name="Radio" time="5.493"/>
  <system-out/>
  <testcase classname="TestNG.WebElementCommandsTestNG" name="EnterValue" time="6.454"/>
  <system-out/>
</testsuite> <!-- TestNG.WebElementCommandsTestNG -->
