<?xml version="1.0" encoding="UTF-8"?>
<!-- Generated by org.testng.reporters.JUnitReportReporter -->
<testsuite hostname="DESKTOP-3M09JOB" failures="0" tests="1" name="TestNG.DragAnddropTestNG" time="1.292" errors="0" timestamp="2023-06-05T01:01:43 IST" skipped="0">
  <testcase classname="TestNG.DragAnddropTestNG" name="f" time="1.292"/>
  <system-out/>
</testsuite> <!-- TestNG.DragAnddropTestNG -->
