<?xml version="1.0" encoding="UTF-8"?>
<!-- Generated by org.testng.reporters.JUnitReportReporter -->
<testsuite hostname="DESKTOP-3M09JOB" failures="0" tests="1" name="TestNG.MultiWindowHandlingAssignment" time="24.997" errors="0" timestamp="2023-06-09T19:23:35 IST" skipped="0">
  <testcase classname="TestNG.MultiWindowHandlingAssignment" name="f" time="24.997"/>
  <system-out/>
</testsuite> <!-- TestNG.MultiWindowHandlingAssignment -->
