<?xml version="1.0" encoding="UTF-8"?>
<!-- Generated by org.testng.reporters.JUnitReportReporter -->
<testsuite hostname="DESKTOP-3M09JOB" failures="0" tests="1" name="TestNG.SeleniumTableAssignment" time="37.197" errors="0" timestamp="2023-06-14T17:22:57 IST" skipped="0">
  <testcase classname="TestNG.SeleniumTableAssignment" name="printAllRowValues" time="37.197"/>
  <system-out/>
</testsuite> <!-- TestNG.SeleniumTableAssignment -->
