<?xml version="1.0" encoding="UTF-8"?>
<!-- Generated by org.testng.reporters.JUnitReportReporter -->
<testsuite hostname="DESKTOP-3M09JOB" failures="0" tests="1" name="TestNG.LoginPage" time="13.334" errors="0" timestamp="2023-06-12T21:12:08 IST" skipped="0">
  <testcase classname="TestNG.LoginPage" name="f" time="13.334"/>
  <system-out/>
</testsuite> <!-- TestNG.LoginPage -->
