<?xml version="1.0" encoding="UTF-8"?>
<!-- Generated by org.testng.reporters.JUnitReportReporter -->
<testsuite hostname="DESKTOP-3M09JOB" failures="0" tests="3" name="TestNG.MouseHandlingTestNG" time="111.734" errors="0" timestamp="2023-06-05T20:17:02 IST" skipped="0">
  <testcase classname="TestNG.MouseHandlingTestNG" name="Move" time="40.652"/>
  <system-out/>
  <testcase classname="TestNG.MouseHandlingTestNG" name="f" time="34.986"/>
  <system-out/>
  <testcase classname="TestNG.MouseHandlingTestNG" name="Click" time="36.096"/>
  <system-out/>
</testsuite> <!-- TestNG.MouseHandlingTestNG -->
