<?xml version="1.0" encoding="UTF-8"?>
<!-- Generated by org.testng.reporters.JUnitReportReporter -->
<testsuite hostname="ARTHUR-" failures="0" tests="3" name="TestNG.GetTotalTestNG" time="1.815" errors="0" timestamp="2023-11-07T12:10:49 IST" skipped="0">
  <testcase classname="TestNG.GetTotalTestNG" name="Print2" time="0.654"/>
  <system-out/>
  <testcase classname="TestNG.GetTotalTestNG" name="Print" time="0.744"/>
  <system-out/>
  <testcase classname="TestNG.GetTotalTestNG" name="f" time="0.417"/>
  <system-out/>
</testsuite> <!-- TestNG.GetTotalTestNG -->
