<?xml version="1.0" encoding="UTF-8"?>
<!-- Generated by org.testng.reporters.JUnitReportReporter -->
<testsuite hostname="DESKTOP-3M09JOB" failures="0" tests="1" name="TestNG.RainbowsTestNG" time="6.188" errors="0" timestamp="2023-06-05T20:51:48 IST" skipped="0">
  <testcase classname="TestNG.RainbowsTestNG" name="f" time="6.188"/>
  <system-out/>
</testsuite> <!-- TestNG.RainbowsTestNG -->
