<?xml version="1.0" encoding="UTF-8"?>
<!-- Generated by org.testng.reporters.JUnitReportReporter -->
<testsuite hostname="DESKTOP-3M09JOB" failures="0" tests="1" name="TestNG.JavaScriptExecuterTestNG" time="15.059" errors="0" timestamp="2023-06-05T19:48:39 IST" skipped="0">
  <testcase classname="TestNG.JavaScriptExecuterTestNG" name="f" time="15.059"/>
  <system-out/>
</testsuite> <!-- TestNG.JavaScriptExecuterTestNG -->
