<?xml version="1.0" encoding="UTF-8"?>
<!-- Generated by org.testng.reporters.JUnitReportReporter -->
<testsuite hostname="DESKTOP-3M09JOB" failures="0" tests="3" name="TestNG.KeyBoardAndMouseTestNG" time="2.604" errors="0" timestamp="2023-06-05T00:45:47 IST" skipped="0">
  <testcase classname="TestNG.KeyBoardAndMouseTestNG" name="f" time="0.746"/>
  <system-out/>
  <testcase classname="TestNG.KeyBoardAndMouseTestNG" name="TestCase3" time="0.871"/>
  <system-out/>
  <testcase classname="TestNG.KeyBoardAndMouseTestNG" name="TestCase2" time="0.987"/>
  <system-out/>
</testsuite> <!-- TestNG.KeyBoardAndMouseTestNG -->
