<?xml version="1.0" encoding="UTF-8"?>
<!-- Generated by org.testng.reporters.JUnitReportReporter -->
<testsuite hostname="DESKTOP-3M09JOB" failures="0" tests="1" name="TestNG.MultiWindowHandling" time="25.799" errors="0" timestamp="2023-06-07T20:54:44 IST" skipped="0">
  <testcase classname="TestNG.MultiWindowHandling" name="f" time="25.799"/>
  <system-out/>
</testsuite> <!-- TestNG.MultiWindowHandling -->
