<?xml version="1.0" encoding="UTF-8"?>
<!-- Generated by org.testng.reporters.JUnitReportReporter -->
<testsuite hostname="DESKTOP-3M09JOB" failures="0" tests="4" name="TestNG.FirstProgram" time="24.780" errors="0" timestamp="2023-06-05T21:31:30 IST" skipped="1">
  <testcase classname="TestNG.FirstProgram" name="TestCase2" time="9.223"/>
  <system-out/>
  <testcase classname="TestNG.FirstProgram" name="TestCase1" time="7.710"/>
  <system-out/>
  <testcase classname="TestNG.FirstProgram" name="TestCase3" time="7.847"/>
  <system-out/>
  <testcase classname="TestNG.FirstProgram" name="f">
    <skipped/>
  </testcase> <!-- f -->
  <system-out/>
</testsuite> <!-- TestNG.FirstProgram -->
