<?xml version="1.0" encoding="UTF-8"?>
<!-- Generated by org.testng.reporters.JUnitReportReporter -->
<testsuite hostname="DESKTOP-3M09JOB" failures="0" tests="2" name="TestNG.FileUploadTestNG" time="0.224" errors="0" timestamp="2023-06-05T01:51:42 IST" skipped="0">
  <testcase classname="TestNG.FileUploadTestNG" name="f" time="0.217"/>
  <system-out/>
  <testcase classname="TestNG.FileUploadTestNG" name="TestCase1" time="0.007"/>
  <system-out/>
</testsuite> <!-- TestNG.FileUploadTestNG -->
