<?xml version="1.0" encoding="UTF-8"?>
<!-- Generated by org.testng.reporters.JUnitReportReporter -->
<testsuite hostname="ARTHUR-" failures="0" tests="1" name="TestNG.DropDownTestNG" time="4.228" errors="0" timestamp="2023-11-08T12:37:58 IST" skipped="0">
  <testcase classname="TestNG.DropDownTestNG" name="Multiple" time="4.228"/>
  <system-out/>
</testsuite> <!-- TestNG.DropDownTestNG -->
