<?xml version="1.0" encoding="UTF-8"?>
<!-- Generated by org.testng.reporters.JUnitReportReporter -->
<testsuite hostname="DESKTOP-3M09JOB" failures="0" tests="1" name="TestNG.TableAssignment" time="42.100" errors="0" timestamp="2023-06-14T17:08:32 IST" skipped="0">
  <testcase classname="TestNG.TableAssignment" name="verifyAlertsAndModels" time="42.100"/>
  <system-out/>
</testsuite> <!-- TestNG.TableAssignment -->
