<?xml version="1.0" encoding="UTF-8"?>
<!-- Generated by org.testng.reporters.JUnitReportReporter -->
<testsuite hostname="DESKTOP-3M09JOB" failures="0" tests="2" name="TestNG.iFramesTestNG" time="98.146" errors="0" timestamp="2023-06-05T00:41:57 IST" skipped="0">
  <testcase classname="TestNG.iFramesTestNG" name="f" time="47.666"/>
  <system-out/>
  <testcase classname="TestNG.iFramesTestNG" name="Test1" time="50.480"/>
  <system-out/>
</testsuite> <!-- TestNG.iFramesTestNG -->
